[2019-08-29 18:23:55] lumen.ERROR: ErrorException: fopen(../.env): failed to open stream: Permission denied in /var/www/polr/app/Http/Controllers/SetupController.php:189
Stack trace:
#0 [internal function]: Laravel\Lumen\Application->Laravel\Lumen\{closure}(2, 'fopen(../.env):...', '/var/www/polr/a...', 189, Array)
#1 /var/www/polr/app/Http/Controllers/SetupController.php(189): fopen('../.env', 'w')
#2 [internal function]: App\Http\Controllers\SetupController::performSetup(Object(Illuminate\Http\Request))
#3 /var/www/polr/vendor/illuminate/container/Container.php(507): call_user_func_array(Array, Array)
#4 /var/www/polr/vendor/laravel/lumen-framework/src/Application.php(1399): Illuminate\Container\Container->call(Array, Array)
#5 /var/www/polr/vendor/laravel/lumen-framework/src/Application.php(1363): Laravel\Lumen\Application->callControllerCallable(Array, Array)
#6 /var/www/polr/vendor/laravel/lumen-framework/src/Application.php(1335): Laravel\Lumen\Application->callLumenController(Object(App\Http\Controllers\SetupController), 'performSetup', Array)
#7 /var/www/polr/vendor/laravel/lumen-framework/src/Application.php(1303): Laravel\Lumen\Application->callControllerAction(Array)
#8 /var/www/polr/vendor/laravel/lumen-framework/src/Application.php(1288): Laravel\Lumen\Application->callActionOnArrayBasedRoute(Array)
#9 /var/www/polr/vendor/laravel/lumen-framework/src/Application.php(1207): Laravel\Lumen\Application->handleFoundRoute(Array)
#10 [internal function]: Laravel\Lumen\Application->Laravel\Lumen\{closure}(Object(Illuminate\Http\Request))
#11 /var/www/polr/vendor/illuminate/pipeline/Pipeline.php(139): call_user_func(Object(Closure), Object(Illuminate\Http\Request))
#12 /var/www/polr/vendor/laravel/lumen-framework/src/Http/Middleware/VerifyCsrfToken.php(43): Illuminate\Pipeline\Pipeline->Illuminate\Pipeline\{closure}(Object(Illuminate\Http\Request))
#13 /var/www/polr/app/Http/Middleware/VerifyCsrfToken.php(20): Laravel\Lumen\Http\Middleware\VerifyCsrfToken->handle(Object(Illuminate\Http\Request), Object(Closure))
#14 [internal function]: App\Http\Middleware\VerifyCsrfToken->handle(Object(Illuminate\Http\Request), Object(Closure))
#15 /var/www/polr/vendor/illuminate/pipeline/Pipeline.php(124): call_user_func_array(Array, Array)
#16 /var/www/polr/vendor/illuminate/view/Middleware/ShareErrorsFromSession.php(49): Illuminate\Pipeline\Pipeline->Illuminate\Pipeline\{closure}(Object(Illuminate\Http\Request))
#17 [internal function]: Illuminate\View\Middleware\ShareErrorsFromSession->handle(Object(Illuminate\Http\Request), Object(Closure))
#18 /var/www/polr/vendor/illuminate/pipeline/Pipeline.php(124): call_user_func_array(Array, Array)
#19 /var/www/polr/vendor/illuminate/session/Middleware/StartSession.php(62): Illuminate\Pipeline\Pipeline->Illuminate\Pipeline\{closure}(Object(Illuminate\Http\Request))
#20 [internal function]: Illuminate\Session\Middleware\StartSession->handle(Object(Illuminate\Http\Request), Object(Closure))
#21 /var/www/polr/vendor/illuminate/pipeline/Pipeline.php(124): call_user_func_array(Array, Array)
#22 /var/www/polr/vendor/illuminate/cookie/Middleware/EncryptCookies.php(59): Illuminate\Pipeline\Pipeline->Illuminate\Pipeline\{closure}(Object(Illuminate\Http\Request))
#23 [internal function]: Illuminate\Cookie\Middleware\EncryptCookies->handle(Object(Illuminate\Http\Request), Object(Closure))
#24 /var/www/polr/vendor/illuminate/pipeline/Pipeline.php(124): call_user_func_array(Array, Array)
#25 [internal function]: Illuminate\Pipeline\Pipeline->Illuminate\Pipeline\{closure}(Object(Illuminate\Http\Request))
#26 /var/www/polr/vendor/illuminate/pipeline/Pipeline.php(102): call_user_func(Object(Closure), Object(Illuminate\Http\Request))
#27 /var/www/polr/vendor/laravel/lumen-framework/src/Application.php(1439): Illuminate\Pipeline\Pipeline->then(Object(Closure))
#28 /var/www/polr/vendor/laravel/lumen-framework/src/Application.php(1213): Laravel\Lumen\Application->sendThroughPipeline(Array, Object(Closure))
#29 /var/www/polr/vendor/laravel/lumen-framework/src/Application.php(1153): Laravel\Lumen\Application->dispatch(NULL)
#30 /var/www/polr/public/index.php(28): Laravel\Lumen\Application->run()
#31 {main}  
[2019-09-03 16:43:33] lumen.ERROR: PDOException: SQLSTATE[HY000] [1045] Access denied for user 'forge'@'localhost' (using password: NO) in /var/www/polr/vendor/illuminate/database/Connectors/Connector.php:55
Stack trace:
#0 /var/www/polr/vendor/illuminate/database/Connectors/Connector.php(55): PDO->__construct('mysql:host=loca...', 'forge', '', Array)
#1 /var/www/polr/vendor/illuminate/database/Connectors/MySqlConnector.php(22): Illuminate\Database\Connectors\Connector->createConnection('mysql:host=loca...', Array, Array)
#2 /var/www/polr/vendor/illuminate/database/Connectors/ConnectionFactory.php(60): Illuminate\Database\Connectors\MySqlConnector->connect(Array)
#3 /var/www/polr/vendor/illuminate/database/Connectors/ConnectionFactory.php(49): Illuminate\Database\Connectors\ConnectionFactory->createSingleConnection(Array)
#4 /var/www/polr/vendor/illuminate/database/DatabaseManager.php(175): Illuminate\Database\Connectors\ConnectionFactory->make(Array, 'mysql')
#5 /var/www/polr/vendor/illuminate/database/DatabaseManager.php(67): Illuminate\Database\DatabaseManager->makeConnection('mysql')
#6 /var/www/polr/vendor/illuminate/database/Eloquent/Model.php(3286): Illuminate\Database\DatabaseManager->connection('mysql')
#7 /var/www/polr/vendor/illuminate/database/Eloquent/Model.php(3252): Illuminate\Database\Eloquent\Model::resolveConnection(NULL)
#8 /var/www/polr/vendor/illuminate/database/Eloquent/Model.php(1932): Illuminate\Database\Eloquent\Model->getConnection()
#9 /var/www/polr/vendor/illuminate/database/Eloquent/Model.php(1875): Illuminate\Database\Eloquent\Model->newBaseQueryBuilder()
#10 /var/www/polr/vendor/illuminate/database/Eloquent/Model.php(1849): Illuminate\Database\Eloquent\Model->newQueryWithoutScopes()
#11 /var/www/polr/vendor/illuminate/database/Eloquent/Model.php(3497): Illuminate\Database\Eloquent\Model->newQuery()
#12 [internal function]: Illuminate\Database\Eloquent\Model->__call('where', Array)
#13 /var/www/polr/vendor/illuminate/database/Eloquent/Model.php(3513): call_user_func_array(Array, Array)
#14 /var/www/polr/app/Http/Controllers/LinkController.php(51): Illuminate\Database\Eloquent\Model::__callStatic('where', Array)
#15 [internal function]: App\Http\Controllers\LinkController->performRedirect(Object(Illuminate\Http\Request), 'favicon.ico', false)
#16 /var/www/polr/vendor/illuminate/container/Container.php(507): call_user_func_array(Array, Array)
#17 /var/www/polr/vendor/laravel/lumen-framework/src/Application.php(1399): Illuminate\Container\Container->call(Array, Array)
#18 /var/www/polr/vendor/laravel/lumen-framework/src/Application.php(1363): Laravel\Lumen\Application->callControllerCallable(Array, Array)
#19 /var/www/polr/vendor/laravel/lumen-framework/src/Application.php(1335): Laravel\Lumen\Application->callLumenController(Object(App\Http\Controllers\LinkController), 'performRedirect', Array)
#20 /var/www/polr/vendor/laravel/lumen-framework/src/Application.php(1303): Laravel\Lumen\Application->callControllerAction(Array)
#21 /var/www/polr/vendor/laravel/lumen-framework/src/Application.php(1288): Laravel\Lumen\Application->callActionOnArrayBasedRoute(Array)
#22 /var/www/polr/vendor/laravel/lumen-framework/src/Application.php(1262): Laravel\Lumen\Application->handleFoundRoute(Array)
#23 /var/www/polr/vendor/laravel/lumen-framework/src/Application.php(1211): Laravel\Lumen\Application->handleDispatcherResponse(Array)
#24 [internal function]: Laravel\Lumen\Application->Laravel\Lumen\{closure}(Object(Illuminate\Http\Request))
#25 /var/www/polr/vendor/illuminate/pipeline/Pipeline.php(139): call_user_func(Object(Closure), Object(Illuminate\Http\Request))
#26 /var/www/polr/vendor/laravel/lumen-framework/src/Http/Middleware/VerifyCsrfToken.php(43): Illuminate\Pipeline\Pipeline->Illuminate\Pipeline\{closure}(Object(Illuminate\Http\Request))
#27 /var/www/polr/app/Http/Middleware/VerifyCsrfToken.php(20): Laravel\Lumen\Http\Middleware\VerifyCsrfToken->handle(Object(Illuminate\Http\Request), Object(Closure))
#28 [internal function]: App\Http\Middleware\VerifyCsrfToken->handle(Object(Illuminate\Http\Request), Object(Closure))
#29 /var/www/polr/vendor/illuminate/pipeline/Pipeline.php(124): call_user_func_array(Array, Array)
#30 /var/www/polr/vendor/illuminate/view/Middleware/ShareErrorsFromSession.php(49): Illuminate\Pipeline\Pipeline->Illuminate\Pipeline\{closure}(Object(Illuminate\Http\Request))
#31 [internal function]: Illuminate\View\Middleware\ShareErrorsFromSession->handle(Object(Illuminate\Http\Request), Object(Closure))
#32 /var/www/polr/vendor/illuminate/pipeline/Pipeline.php(124): call_user_func_array(Array, Array)
#33 /var/www/polr/vendor/illuminate/session/Middleware/StartSession.php(62): Illuminate\Pipeline\Pipeline->Illuminate\Pipeline\{closure}(Object(Illuminate\Http\Request))
#34 [internal function]: Illuminate\Session\Middleware\StartSession->handle(Object(Illuminate\Http\Request), Object(Closure))
#35 /var/www/polr/vendor/illuminate/pipeline/Pipeline.php(124): call_user_func_array(Array, Array)
#36 /var/www/polr/vendor/illuminate/cookie/Middleware/EncryptCookies.php(59): Illuminate\Pipeline\Pipeline->Illuminate\Pipeline\{closure}(Object(Illuminate\Http\Request))
#37 [internal function]: Illuminate\Cookie\Middleware\EncryptCookies->handle(Object(Illuminate\Http\Request), Object(Closure))
#38 /var/www/polr/vendor/illuminate/pipeline/Pipeline.php(124): call_user_func_array(Array, Array)
#39 [internal function]: Illuminate\Pipeline\Pipeline->Illuminate\Pipeline\{closure}(Object(Illuminate\Http\Request))
#40 /var/www/polr/vendor/illuminate/pipeline/Pipeline.php(102): call_user_func(Object(Closure), Object(Illuminate\Http\Request))
#41 /var/www/polr/vendor/laravel/lumen-framework/src/Application.php(1439): Illuminate\Pipeline\Pipeline->then(Object(Closure))
#42 /var/www/polr/vendor/laravel/lumen-framework/src/Application.php(1213): Laravel\Lumen\Application->sendThroughPipeline(Array, Object(Closure))
#43 /var/www/polr/vendor/laravel/lumen-framework/src/Application.php(1153): Laravel\Lumen\Application->dispatch(NULL)
#44 /var/www/polr/public/index.php(28): Laravel\Lumen\Application->run()
#45 {main}  
[2019-09-03 16:47:02] lumen.ERROR: ErrorException: fopen(../.env): failed to open stream: Permission denied in /var/www/polr/app/Http/Controllers/SetupController.php:189
Stack trace:
#0 [internal function]: Laravel\Lumen\Application->Laravel\Lumen\{closure}(2, 'fopen(../.env):...', '/var/www/polr/a...', 189, Array)
#1 /var/www/polr/app/Http/Controllers/SetupController.php(189): fopen('../.env', 'w')
#2 [internal function]: App\Http\Controllers\SetupController::performSetup(Object(Illuminate\Http\Request))
#3 /var/www/polr/vendor/illuminate/container/Container.php(507): call_user_func_array(Array, Array)
#4 /var/www/polr/vendor/laravel/lumen-framework/src/Application.php(1399): Illuminate\Container\Container->call(Array, Array)
#5 /var/www/polr/vendor/laravel/lumen-framework/src/Application.php(1363): Laravel\Lumen\Application->callControllerCallable(Array, Array)
#6 /var/www/polr/vendor/laravel/lumen-framework/src/Application.php(1335): Laravel\Lumen\Application->callLumenController(Object(App\Http\Controllers\SetupController), 'performSetup', Array)
#7 /var/www/polr/vendor/laravel/lumen-framework/src/Application.php(1303): Laravel\Lumen\Application->callControllerAction(Array)
#8 /var/www/polr/vendor/laravel/lumen-framework/src/Application.php(1288): Laravel\Lumen\Application->callActionOnArrayBasedRoute(Array)
#9 /var/www/polr/vendor/laravel/lumen-framework/src/Application.php(1207): Laravel\Lumen\Application->handleFoundRoute(Array)
#10 [internal function]: Laravel\Lumen\Application->Laravel\Lumen\{closure}(Object(Illuminate\Http\Request))
#11 /var/www/polr/vendor/illuminate/pipeline/Pipeline.php(139): call_user_func(Object(Closure), Object(Illuminate\Http\Request))
#12 /var/www/polr/vendor/laravel/lumen-framework/src/Http/Middleware/VerifyCsrfToken.php(43): Illuminate\Pipeline\Pipeline->Illuminate\Pipeline\{closure}(Object(Illuminate\Http\Request))
#13 /var/www/polr/app/Http/Middleware/VerifyCsrfToken.php(20): Laravel\Lumen\Http\Middleware\VerifyCsrfToken->handle(Object(Illuminate\Http\Request), Object(Closure))
#14 [internal function]: App\Http\Middleware\VerifyCsrfToken->handle(Object(Illuminate\Http\Request), Object(Closure))
#15 /var/www/polr/vendor/illuminate/pipeline/Pipeline.php(124): call_user_func_array(Array, Array)
#16 /var/www/polr/vendor/illuminate/view/Middleware/ShareErrorsFromSession.php(49): Illuminate\Pipeline\Pipeline->Illuminate\Pipeline\{closure}(Object(Illuminate\Http\Request))
#17 [internal function]: Illuminate\View\Middleware\ShareErrorsFromSession->handle(Object(Illuminate\Http\Request), Object(Closure))
#18 /var/www/polr/vendor/illuminate/pipeline/Pipeline.php(124): call_user_func_array(Array, Array)
#19 /var/www/polr/vendor/illuminate/session/Middleware/StartSession.php(62): Illuminate\Pipeline\Pipeline->Illuminate\Pipeline\{closure}(Object(Illuminate\Http\Request))
#20 [internal function]: Illuminate\Session\Middleware\StartSession->handle(Object(Illuminate\Http\Request), Object(Closure))
#21 /var/www/polr/vendor/illuminate/pipeline/Pipeline.php(124): call_user_func_array(Array, Array)
#22 /var/www/polr/vendor/illuminate/cookie/Middleware/EncryptCookies.php(59): Illuminate\Pipeline\Pipeline->Illuminate\Pipeline\{closure}(Object(Illuminate\Http\Request))
#23 [internal function]: Illuminate\Cookie\Middleware\EncryptCookies->handle(Object(Illuminate\Http\Request), Object(Closure))
#24 /var/www/polr/vendor/illuminate/pipeline/Pipeline.php(124): call_user_func_array(Array, Array)
#25 [internal function]: Illuminate\Pipeline\Pipeline->Illuminate\Pipeline\{closure}(Object(Illuminate\Http\Request))
#26 /var/www/polr/vendor/illuminate/pipeline/Pipeline.php(102): call_user_func(Object(Closure), Object(Illuminate\Http\Request))
#27 /var/www/polr/vendor/laravel/lumen-framework/src/Application.php(1439): Illuminate\Pipeline\Pipeline->then(Object(Closure))
#28 /var/www/polr/vendor/laravel/lumen-framework/src/Application.php(1213): Laravel\Lumen\Application->sendThroughPipeline(Array, Object(Closure))
#29 /var/www/polr/vendor/laravel/lumen-framework/src/Application.php(1153): Laravel\Lumen\Application->dispatch(NULL)
#30 /var/www/polr/public/index.php(28): Laravel\Lumen\Application->run()
#31 {main}  
[2019-09-03 16:48:06] lumen.ERROR: PDOException: SQLSTATE[23000]: Integrity constraint violation: 1062 Duplicate entry 'admin' for key 'users_username_unique' in /var/www/polr/vendor/illuminate/database/Connection.php:390
Stack trace:
#0 /var/www/polr/vendor/illuminate/database/Connection.php(390): PDOStatement->execute(Array)
#1 /var/www/polr/vendor/illuminate/database/Connection.php(644): Illuminate\Database\Connection->Illuminate\Database\{closure}(Object(Illuminate\Database\MySqlConnection), 'insert into `us...', Array)
#2 /var/www/polr/vendor/illuminate/database/Connection.php(611): Illuminate\Database\Connection->runQueryCallback('insert into `us...', Array, Object(Closure))
#3 /var/www/polr/vendor/illuminate/database/Connection.php(391): Illuminate\Database\Connection->run('insert into `us...', Array, Object(Closure))
#4 /var/www/polr/vendor/illuminate/database/Connection.php(347): Illuminate\Database\Connection->statement('insert into `us...', Array)
#5 /var/www/polr/vendor/illuminate/database/Query/Processors/Processor.php(32): Illuminate\Database\Connection->insert('insert into `us...', Array)
#6 /var/www/polr/vendor/illuminate/database/Query/Builder.php(1827): Illuminate\Database\Query\Processors\Processor->processInsertGetId(Object(Illuminate\Database\Query\Builder), 'insert into `us...', Array, 'id')
#7 [internal function]: Illuminate\Database\Query\Builder->insertGetId(Array, 'id')
#8 /var/www/polr/vendor/illuminate/database/Eloquent/Builder.php(949): call_user_func_array(Array, Array)
#9 /var/www/polr/vendor/illuminate/database/Eloquent/Model.php(1654): Illuminate\Database\Eloquent\Builder->__call('insertGetId', Array)
#10 /var/www/polr/vendor/illuminate/database/Eloquent/Model.php(1623): Illuminate\Database\Eloquent\Model->insertAndSetId(Object(Illuminate\Database\Eloquent\Builder), Array)
#11 /var/www/polr/vendor/illuminate/database/Eloquent/Model.php(1514): Illuminate\Database\Eloquent\Model->performInsert(Object(Illuminate\Database\Eloquent\Builder), Array)
#12 /var/www/polr/app/Factories/UserFactory.php(29): Illuminate\Database\Eloquent\Model->save()
#13 /var/www/polr/app/Http/Controllers/SetupController.php(247): App\Factories\UserFactory::createUser('admin', 'encurtador@uerg...', 'polr', 1, '10.34.1.1', false, 0, 'admin')
#14 [internal function]: App\Http\Controllers\SetupController::finishSetup(Object(Illuminate\Http\Request))
#15 /var/www/polr/vendor/illuminate/container/Container.php(507): call_user_func_array(Array, Array)
#16 /var/www/polr/vendor/laravel/lumen-framework/src/Application.php(1399): Illuminate\Container\Container->call(Array, Array)
#17 /var/www/polr/vendor/laravel/lumen-framework/src/Application.php(1363): Laravel\Lumen\Application->callControllerCallable(Array, Array)
#18 /var/www/polr/vendor/laravel/lumen-framework/src/Application.php(1335): Laravel\Lumen\Application->callLumenController(Object(App\Http\Controllers\SetupController), 'finishSetup', Array)
#19 /var/www/polr/vendor/laravel/lumen-framework/src/Application.php(1303): Laravel\Lumen\Application->callControllerAction(Array)
#20 /var/www/polr/vendor/laravel/lumen-framework/src/Application.php(1288): Laravel\Lumen\Application->callActionOnArrayBasedRoute(Array)
#21 /var/www/polr/vendor/laravel/lumen-framework/src/Application.php(1207): Laravel\Lumen\Application->handleFoundRoute(Array)
#22 [internal function]: Laravel\Lumen\Application->Laravel\Lumen\{closure}(Object(Illuminate\Http\Request))
#23 /var/www/polr/vendor/illuminate/pipeline/Pipeline.php(139): call_user_func(Object(Closure), Object(Illuminate\Http\Request))
#24 /var/www/polr/vendor/laravel/lumen-framework/src/Http/Middleware/VerifyCsrfToken.php(43): Illuminate\Pipeline\Pipeline->Illuminate\Pipeline\{closure}(Object(Illuminate\Http\Request))
#25 /var/www/polr/app/Http/Middleware/VerifyCsrfToken.php(20): Laravel\Lumen\Http\Middleware\VerifyCsrfToken->handle(Object(Illuminate\Http\Request), Object(Closure))
#26 [internal function]: App\Http\Middleware\VerifyCsrfToken->handle(Object(Illuminate\Http\Request), Object(Closure))
#27 /var/www/polr/vendor/illuminate/pipeline/Pipeline.php(124): call_user_func_array(Array, Array)
#28 /var/www/polr/vendor/illuminate/view/Middleware/ShareErrorsFromSession.php(49): Illuminate\Pipeline\Pipeline->Illuminate\Pipeline\{closure}(Object(Illuminate\Http\Request))
#29 [internal function]: Illuminate\View\Middleware\ShareErrorsFromSession->handle(Object(Illuminate\Http\Request), Object(Closure))
#30 /var/www/polr/vendor/illuminate/pipeline/Pipeline.php(124): call_user_func_array(Array, Array)
#31 /var/www/polr/vendor/illuminate/session/Middleware/StartSession.php(62): Illuminate\Pipeline\Pipeline->Illuminate\Pipeline\{closure}(Object(Illuminate\Http\Request))
#32 [internal function]: Illuminate\Session\Middleware\StartSession->handle(Object(Illuminate\Http\Request), Object(Closure))
#33 /var/www/polr/vendor/illuminate/pipeline/Pipeline.php(124): call_user_func_array(Array, Array)
#34 /var/www/polr/vendor/illuminate/cookie/Middleware/EncryptCookies.php(59): Illuminate\Pipeline\Pipeline->Illuminate\Pipeline\{closure}(Object(Illuminate\Http\Request))
#35 [internal function]: Illuminate\Cookie\Middleware\EncryptCookies->handle(Object(Illuminate\Http\Request), Object(Closure))
#36 /var/www/polr/vendor/illuminate/pipeline/Pipeline.php(124): call_user_func_array(Array, Array)
#37 [internal function]: Illuminate\Pipeline\Pipeline->Illuminate\Pipeline\{closure}(Object(Illuminate\Http\Request))
#38 /var/www/polr/vendor/illuminate/pipeline/Pipeline.php(102): call_user_func(Object(Closure), Object(Illuminate\Http\Request))
#39 /var/www/polr/vendor/laravel/lumen-framework/src/Application.php(1439): Illuminate\Pipeline\Pipeline->then(Object(Closure))
#40 /var/www/polr/vendor/laravel/lumen-framework/src/Application.php(1213): Laravel\Lumen\Application->sendThroughPipeline(Array, Object(Closure))
#41 /var/www/polr/vendor/laravel/lumen-framework/src/Application.php(1153): Laravel\Lumen\Application->dispatch(NULL)
#42 /var/www/polr/public/index.php(28): Laravel\Lumen\Application->run()
#43 {main}

Next Illuminate\Database\QueryException: SQLSTATE[23000]: Integrity constraint violation: 1062 Duplicate entry 'admin' for key 'users_username_unique' (SQL: insert into `users` (`username`, `password`, `email`, `recovery_key`, `active`, `ip`, `role`, `api_key`, `api_active`, `updated_at`, `created_at`) values (admin, ym12NrChDPe5gZKPTkPaOuSmO4K7.ntvP9SLknWx5pYLg2G8yNmYO, encurtador@uergs.edu.br, 55701c764e9f58fe4bde70af5efc7b60228a67f2e515f3af50680e26e7f2af918f7827991cec9d24c90f41897884a2062d91, 1, 10.34.1.1, admin, 0, 0, 2019-09-03 16:48:06, 2019-09-03 16:48:06)) in /var/www/polr/vendor/illuminate/database/Connection.php:651
Stack trace:
#0 /var/www/polr/vendor/illuminate/database/Connection.php(611): Illuminate\Database\Connection->runQueryCallback('insert into `us...', Array, Object(Closure))
#1 /var/www/polr/vendor/illuminate/database/Connection.php(391): Illuminate\Database\Connection->run('insert into `us...', Array, Object(Closure))
#2 /var/www/polr/vendor/illuminate/database/Connection.php(347): Illuminate\Database\Connection->statement('insert into `us...', Array)
#3 /var/www/polr/vendor/illuminate/database/Query/Processors/Processor.php(32): Illuminate\Database\Connection->insert('insert into `us...', Array)
#4 /var/www/polr/vendor/illuminate/database/Query/Builder.php(1827): Illuminate\Database\Query\Processors\Processor->processInsertGetId(Object(Illuminate\Database\Query\Builder), 'insert into `us...', Array, 'id')
#5 [internal function]: Illuminate\Database\Query\Builder->insertGetId(Array, 'id')
#6 /var/www/polr/vendor/illuminate/database/Eloquent/Builder.php(949): call_user_func_array(Array, Array)
#7 /var/www/polr/vendor/illuminate/database/Eloquent/Model.php(1654): Illuminate\Database\Eloquent\Builder->__call('insertGetId', Array)
#8 /var/www/polr/vendor/illuminate/database/Eloquent/Model.php(1623): Illuminate\Database\Eloquent\Model->insertAndSetId(Object(Illuminate\Database\Eloquent\Builder), Array)
#9 /var/www/polr/vendor/illuminate/database/Eloquent/Model.php(1514): Illuminate\Database\Eloquent\Model->performInsert(Object(Illuminate\Database\Eloquent\Builder), Array)
#10 /var/www/polr/app/Factories/UserFactory.php(29): Illuminate\Database\Eloquent\Model->save()
#11 /var/www/polr/app/Http/Controllers/SetupController.php(247): App\Factories\UserFactory::createUser('admin', 'encurtador@uerg...', 'polr', 1, '10.34.1.1', false, 0, 'admin')
#12 [internal function]: App\Http\Controllers\SetupController::finishSetup(Object(Illuminate\Http\Request))
#13 /var/www/polr/vendor/illuminate/container/Container.php(507): call_user_func_array(Array, Array)
#14 /var/www/polr/vendor/laravel/lumen-framework/src/Application.php(1399): Illuminate\Container\Container->call(Array, Array)
#15 /var/www/polr/vendor/laravel/lumen-framework/src/Application.php(1363): Laravel\Lumen\Application->callControllerCallable(Array, Array)
#16 /var/www/polr/vendor/laravel/lumen-framework/src/Application.php(1335): Laravel\Lumen\Application->callLumenController(Object(App\Http\Controllers\SetupController), 'finishSetup', Array)
#17 /var/www/polr/vendor/laravel/lumen-framework/src/Application.php(1303): Laravel\Lumen\Application->callControllerAction(Array)
#18 /var/www/polr/vendor/laravel/lumen-framework/src/Application.php(1288): Laravel\Lumen\Application->callActionOnArrayBasedRoute(Array)
#19 /var/www/polr/vendor/laravel/lumen-framework/src/Application.php(1207): Laravel\Lumen\Application->handleFoundRoute(Array)
#20 [internal function]: Laravel\Lumen\Application->Laravel\Lumen\{closure}(Object(Illuminate\Http\Request))
#21 /var/www/polr/vendor/illuminate/pipeline/Pipeline.php(139): call_user_func(Object(Closure), Object(Illuminate\Http\Request))
#22 /var/www/polr/vendor/laravel/lumen-framework/src/Http/Middleware/VerifyCsrfToken.php(43): Illuminate\Pipeline\Pipeline->Illuminate\Pipeline\{closure}(Object(Illuminate\Http\Request))
#23 /var/www/polr/app/Http/Middleware/VerifyCsrfToken.php(20): Laravel\Lumen\Http\Middleware\VerifyCsrfToken->handle(Object(Illuminate\Http\Request), Object(Closure))
#24 [internal function]: App\Http\Middleware\VerifyCsrfToken->handle(Object(Illuminate\Http\Request), Object(Closure))
#25 /var/www/polr/vendor/illuminate/pipeline/Pipeline.php(124): call_user_func_array(Array, Array)
#26 /var/www/polr/vendor/illuminate/view/Middleware/ShareErrorsFromSession.php(49): Illuminate\Pipeline\Pipeline->Illuminate\Pipeline\{closure}(Object(Illuminate\Http\Request))
#27 [internal function]: Illuminate\View\Middleware\ShareErrorsFromSession->handle(Object(Illuminate\Http\Request), Object(Closure))
#28 /var/www/polr/vendor/illuminate/pipeline/Pipeline.php(124): call_user_func_array(Array, Array)
#29 /var/www/polr/vendor/illuminate/session/Middleware/StartSession.php(62): Illuminate\Pipeline\Pipeline->Illuminate\Pipeline\{closure}(Object(Illuminate\Http\Request))
#30 [internal function]: Illuminate\Session\Middleware\StartSession->handle(Object(Illuminate\Http\Request), Object(Closure))
#31 /var/www/polr/vendor/illuminate/pipeline/Pipeline.php(124): call_user_func_array(Array, Array)
#32 /var/www/polr/vendor/illuminate/cookie/Middleware/EncryptCookies.php(59): Illuminate\Pipeline\Pipeline->Illuminate\Pipeline\{closure}(Object(Illuminate\Http\Request))
#33 [internal function]: Illuminate\Cookie\Middleware\EncryptCookies->handle(Object(Illuminate\Http\Request), Object(Closure))
#34 /var/www/polr/vendor/illuminate/pipeline/Pipeline.php(124): call_user_func_array(Array, Array)
#35 [internal function]: Illuminate\Pipeline\Pipeline->Illuminate\Pipeline\{closure}(Object(Illuminate\Http\Request))
#36 /var/www/polr/vendor/illuminate/pipeline/Pipeline.php(102): call_user_func(Object(Closure), Object(Illuminate\Http\Request))
#37 /var/www/polr/vendor/laravel/lumen-framework/src/Application.php(1439): Illuminate\Pipeline\Pipeline->then(Object(Closure))
#38 /var/www/polr/vendor/laravel/lumen-framework/src/Application.php(1213): Laravel\Lumen\Application->sendThroughPipeline(Array, Object(Closure))
#39 /var/www/polr/vendor/laravel/lumen-framework/src/Application.php(1153): Laravel\Lumen\Application->dispatch(NULL)
#40 /var/www/polr/public/index.php(28): Laravel\Lumen\Application->run()
#41 {main}  
[2019-09-06 18:04:28] lumen.ERROR: Illuminate\Session\TokenMismatchException in /var/www/polr/vendor/laravel/lumen-framework/src/Http/Middleware/VerifyCsrfToken.php:46
Stack trace:
#0 /var/www/polr/app/Http/Middleware/VerifyCsrfToken.php(20): Laravel\Lumen\Http\Middleware\VerifyCsrfToken->handle(Object(Illuminate\Http\Request), Object(Closure))
#1 [internal function]: App\Http\Middleware\VerifyCsrfToken->handle(Object(Illuminate\Http\Request), Object(Closure))
#2 /var/www/polr/vendor/illuminate/pipeline/Pipeline.php(124): call_user_func_array(Array, Array)
#3 /var/www/polr/vendor/illuminate/view/Middleware/ShareErrorsFromSession.php(49): Illuminate\Pipeline\Pipeline->Illuminate\Pipeline\{closure}(Object(Illuminate\Http\Request))
#4 [internal function]: Illuminate\View\Middleware\ShareErrorsFromSession->handle(Object(Illuminate\Http\Request), Object(Closure))
#5 /var/www/polr/vendor/illuminate/pipeline/Pipeline.php(124): call_user_func_array(Array, Array)
#6 /var/www/polr/vendor/illuminate/session/Middleware/StartSession.php(62): Illuminate\Pipeline\Pipeline->Illuminate\Pipeline\{closure}(Object(Illuminate\Http\Request))
#7 [internal function]: Illuminate\Session\Middleware\StartSession->handle(Object(Illuminate\Http\Request), Object(Closure))
#8 /var/www/polr/vendor/illuminate/pipeline/Pipeline.php(124): call_user_func_array(Array, Array)
#9 /var/www/polr/vendor/illuminate/cookie/Middleware/EncryptCookies.php(59): Illuminate\Pipeline\Pipeline->Illuminate\Pipeline\{closure}(Object(Illuminate\Http\Request))
#10 [internal function]: Illuminate\Cookie\Middleware\EncryptCookies->handle(Object(Illuminate\Http\Request), Object(Closure))
#11 /var/www/polr/vendor/illuminate/pipeline/Pipeline.php(124): call_user_func_array(Array, Array)
#12 [internal function]: Illuminate\Pipeline\Pipeline->Illuminate\Pipeline\{closure}(Object(Illuminate\Http\Request))
#13 /var/www/polr/vendor/illuminate/pipeline/Pipeline.php(102): call_user_func(Object(Closure), Object(Illuminate\Http\Request))
#14 /var/www/polr/vendor/laravel/lumen-framework/src/Application.php(1439): Illuminate\Pipeline\Pipeline->then(Object(Closure))
#15 /var/www/polr/vendor/laravel/lumen-framework/src/Application.php(1213): Laravel\Lumen\Application->sendThroughPipeline(Array, Object(Closure))
#16 /var/www/polr/vendor/laravel/lumen-framework/src/Application.php(1153): Laravel\Lumen\Application->dispatch(NULL)
#17 /var/www/polr/public/index.php(28): Laravel\Lumen\Application->run()
#18 {main}  
[2019-09-18 14:47:55] lumen.ERROR: Symfony\Component\Debug\Exception\FatalThrowableError: Parse error: syntax error, unexpected ''custom-ending'' (T_CONSTANT_ENCAPSED_STRING), expecting ']' in /var/www/polr/resources/lang/ptBR/validation.php:107
Stack trace:
#0 /var/www/polr/vendor/illuminate/translation/FileLoader.php(110): Illuminate\Filesystem\Filesystem->getRequire('/var/www/polr/r...')
#1 /var/www/polr/vendor/illuminate/translation/FileLoader.php(54): Illuminate\Translation\FileLoader->loadPath('/var/www/polr/r...', 'ptBR', 'validation')
#2 /var/www/polr/vendor/illuminate/translation/Translator.php(235): Illuminate\Translation\FileLoader->load('ptBR', 'validation', '*')
#3 /var/www/polr/vendor/illuminate/translation/Translator.php(98): Illuminate\Translation\Translator->load('*', 'validation', 'ptBR')
#4 /var/www/polr/vendor/illuminate/translation/Translator.php(200): Illuminate\Translation\Translator->get('validation.cust...', Array, 'ptBR')
#5 /var/www/polr/vendor/illuminate/validation/Validator.php(1576): Illuminate\Translation\Translator->trans('validation.cust...')
#6 /var/www/polr/vendor/illuminate/validation/Validator.php(506): Illuminate\Validation\Validator->getMessage('custom-ending', 'AlphaDash')
#7 /var/www/polr/vendor/illuminate/validation/Validator.php(491): Illuminate\Validation\Validator->addError('custom-ending', 'AlphaDash', Array)
#8 /var/www/polr/vendor/illuminate/validation/Validator.php(363): Illuminate\Validation\Validator->addFailure('custom-ending', 'AlphaDash', Array)
#9 /var/www/polr/vendor/illuminate/validation/Validator.php(314): Illuminate\Validation\Validator->validate('custom-ending', 'AlphaDash')
#10 /var/www/polr/vendor/illuminate/validation/Validator.php(335): Illuminate\Validation\Validator->passes()
#11 /var/www/polr/vendor/laravel/lumen-framework/src/Routing/ValidatesRequests.php(25): Illuminate\Validation\Validator->fails()
#12 /var/www/polr/app/Http/Controllers/LinkController.php(30): Laravel\Lumen\Routing\Controller->validate(Object(Illuminate\Http\Request), Array)
#13 [internal function]: App\Http\Controllers\LinkController->performShorten(Object(Illuminate\Http\Request))
#14 /var/www/polr/vendor/illuminate/container/Container.php(507): call_user_func_array(Array, Array)
#15 /var/www/polr/vendor/laravel/lumen-framework/src/Application.php(1399): Illuminate\Container\Container->call(Array, Array)
#16 /var/www/polr/vendor/laravel/lumen-framework/src/Application.php(1363): Laravel\Lumen\Application->callControllerCallable(Array, Array)
#17 /var/www/polr/vendor/laravel/lumen-framework/src/Application.php(1335): Laravel\Lumen\Application->callLumenController(Object(App\Http\Controllers\LinkController), 'performShorten', Array)
#18 /var/www/polr/vendor/laravel/lumen-framework/src/Application.php(1303): Laravel\Lumen\Application->callControllerAction(Array)
#19 /var/www/polr/vendor/laravel/lumen-framework/src/Application.php(1288): Laravel\Lumen\Application->callActionOnArrayBasedRoute(Array)
#20 /var/www/polr/vendor/laravel/lumen-framework/src/Application.php(1207): Laravel\Lumen\Application->handleFoundRoute(Array)
#21 [internal function]: Laravel\Lumen\Application->Laravel\Lumen\{closure}(Object(Illuminate\Http\Request))
#22 /var/www/polr/vendor/illuminate/pipeline/Pipeline.php(139): call_user_func(Object(Closure), Object(Illuminate\Http\Request))
#23 /var/www/polr/vendor/laravel/lumen-framework/src/Http/Middleware/VerifyCsrfToken.php(43): Illuminate\Pipeline\Pipeline->Illuminate\Pipeline\{closure}(Object(Illuminate\Http\Request))
#24 /var/www/polr/app/Http/Middleware/VerifyCsrfToken.php(20): Laravel\Lumen\Http\Middleware\VerifyCsrfToken->handle(Object(Illuminate\Http\Request), Object(Closure))
#25 [internal function]: App\Http\Middleware\VerifyCsrfToken->handle(Object(Illuminate\Http\Request), Object(Closure))
#26 /var/www/polr/vendor/illuminate/pipeline/Pipeline.php(124): call_user_func_array(Array, Array)
#27 /var/www/polr/vendor/illuminate/view/Middleware/ShareErrorsFromSession.php(49): Illuminate\Pipeline\Pipeline->Illuminate\Pipeline\{closure}(Object(Illuminate\Http\Request))
#28 [internal function]: Illuminate\View\Middleware\ShareErrorsFromSession->handle(Object(Illuminate\Http\Request), Object(Closure))
#29 /var/www/polr/vendor/illuminate/pipeline/Pipeline.php(124): call_user_func_array(Array, Array)
#30 /var/www/polr/vendor/illuminate/session/Middleware/StartSession.php(62): Illuminate\Pipeline\Pipeline->Illuminate\Pipeline\{closure}(Object(Illuminate\Http\Request))
#31 [internal function]: Illuminate\Session\Middleware\StartSession->handle(Object(Illuminate\Http\Request), Object(Closure))
#32 /var/www/polr/vendor/illuminate/pipeline/Pipeline.php(124): call_user_func_array(Array, Array)
#33 /var/www/polr/vendor/illuminate/cookie/Middleware/EncryptCookies.php(59): Illuminate\Pipeline\Pipeline->Illuminate\Pipeline\{closure}(Object(Illuminate\Http\Request))
#34 [internal function]: Illuminate\Cookie\Middleware\EncryptCookies->handle(Object(Illuminate\Http\Request), Object(Closure))
#35 /var/www/polr/vendor/illuminate/pipeline/Pipeline.php(124): call_user_func_array(Array, Array)
#36 [internal function]: Illuminate\Pipeline\Pipeline->Illuminate\Pipeline\{closure}(Object(Illuminate\Http\Request))
#37 /var/www/polr/vendor/illuminate/pipeline/Pipeline.php(102): call_user_func(Object(Closure), Object(Illuminate\Http\Request))
#38 /var/www/polr/vendor/laravel/lumen-framework/src/Application.php(1439): Illuminate\Pipeline\Pipeline->then(Object(Closure))
#39 /var/www/polr/vendor/laravel/lumen-framework/src/Application.php(1213): Laravel\Lumen\Application->sendThroughPipeline(Array, Object(Closure))
#40 /var/www/polr/vendor/laravel/lumen-framework/src/Application.php(1153): Laravel\Lumen\Application->dispatch(NULL)
#41 /var/www/polr/public/index.php(28): Laravel\Lumen\Application->run()
#42 {main}  
[2019-09-18 14:48:06] lumen.ERROR: Symfony\Component\Debug\Exception\FatalThrowableError: Parse error: syntax error, unexpected ''custom-ending'' (T_CONSTANT_ENCAPSED_STRING), expecting ']' in /var/www/polr/resources/lang/ptBR/validation.php:107
Stack trace:
#0 /var/www/polr/vendor/illuminate/translation/FileLoader.php(110): Illuminate\Filesystem\Filesystem->getRequire('/var/www/polr/r...')
#1 /var/www/polr/vendor/illuminate/translation/FileLoader.php(54): Illuminate\Translation\FileLoader->loadPath('/var/www/polr/r...', 'ptBR', 'validation')
#2 /var/www/polr/vendor/illuminate/translation/Translator.php(235): Illuminate\Translation\FileLoader->load('ptBR', 'validation', '*')
#3 /var/www/polr/vendor/illuminate/translation/Translator.php(98): Illuminate\Translation\Translator->load('*', 'validation', 'ptBR')
#4 /var/www/polr/vendor/illuminate/translation/Translator.php(200): Illuminate\Translation\Translator->get('validation.cust...', Array, 'ptBR')
#5 /var/www/polr/vendor/illuminate/validation/Validator.php(1576): Illuminate\Translation\Translator->trans('validation.cust...')
#6 /var/www/polr/vendor/illuminate/validation/Validator.php(506): Illuminate\Validation\Validator->getMessage('custom-ending', 'AlphaDash')
#7 /var/www/polr/vendor/illuminate/validation/Validator.php(491): Illuminate\Validation\Validator->addError('custom-ending', 'AlphaDash', Array)
#8 /var/www/polr/vendor/illuminate/validation/Validator.php(363): Illuminate\Validation\Validator->addFailure('custom-ending', 'AlphaDash', Array)
#9 /var/www/polr/vendor/illuminate/validation/Validator.php(314): Illuminate\Validation\Validator->validate('custom-ending', 'AlphaDash')
#10 /var/www/polr/vendor/illuminate/validation/Validator.php(335): Illuminate\Validation\Validator->passes()
#11 /var/www/polr/vendor/laravel/lumen-framework/src/Routing/ValidatesRequests.php(25): Illuminate\Validation\Validator->fails()
#12 /var/www/polr/app/Http/Controllers/LinkController.php(30): Laravel\Lumen\Routing\Controller->validate(Object(Illuminate\Http\Request), Array)
#13 [internal function]: App\Http\Controllers\LinkController->performShorten(Object(Illuminate\Http\Request))
#14 /var/www/polr/vendor/illuminate/container/Container.php(507): call_user_func_array(Array, Array)
#15 /var/www/polr/vendor/laravel/lumen-framework/src/Application.php(1399): Illuminate\Container\Container->call(Array, Array)
#16 /var/www/polr/vendor/laravel/lumen-framework/src/Application.php(1363): Laravel\Lumen\Application->callControllerCallable(Array, Array)
#17 /var/www/polr/vendor/laravel/lumen-framework/src/Application.php(1335): Laravel\Lumen\Application->callLumenController(Object(App\Http\Controllers\LinkController), 'performShorten', Array)
#18 /var/www/polr/vendor/laravel/lumen-framework/src/Application.php(1303): Laravel\Lumen\Application->callControllerAction(Array)
#19 /var/www/polr/vendor/laravel/lumen-framework/src/Application.php(1288): Laravel\Lumen\Application->callActionOnArrayBasedRoute(Array)
#20 /var/www/polr/vendor/laravel/lumen-framework/src/Application.php(1207): Laravel\Lumen\Application->handleFoundRoute(Array)
#21 [internal function]: Laravel\Lumen\Application->Laravel\Lumen\{closure}(Object(Illuminate\Http\Request))
#22 /var/www/polr/vendor/illuminate/pipeline/Pipeline.php(139): call_user_func(Object(Closure), Object(Illuminate\Http\Request))
#23 /var/www/polr/vendor/laravel/lumen-framework/src/Http/Middleware/VerifyCsrfToken.php(43): Illuminate\Pipeline\Pipeline->Illuminate\Pipeline\{closure}(Object(Illuminate\Http\Request))
#24 /var/www/polr/app/Http/Middleware/VerifyCsrfToken.php(20): Laravel\Lumen\Http\Middleware\VerifyCsrfToken->handle(Object(Illuminate\Http\Request), Object(Closure))
#25 [internal function]: App\Http\Middleware\VerifyCsrfToken->handle(Object(Illuminate\Http\Request), Object(Closure))
#26 /var/www/polr/vendor/illuminate/pipeline/Pipeline.php(124): call_user_func_array(Array, Array)
#27 /var/www/polr/vendor/illuminate/view/Middleware/ShareErrorsFromSession.php(49): Illuminate\Pipeline\Pipeline->Illuminate\Pipeline\{closure}(Object(Illuminate\Http\Request))
#28 [internal function]: Illuminate\View\Middleware\ShareErrorsFromSession->handle(Object(Illuminate\Http\Request), Object(Closure))
#29 /var/www/polr/vendor/illuminate/pipeline/Pipeline.php(124): call_user_func_array(Array, Array)
#30 /var/www/polr/vendor/illuminate/session/Middleware/StartSession.php(62): Illuminate\Pipeline\Pipeline->Illuminate\Pipeline\{closure}(Object(Illuminate\Http\Request))
#31 [internal function]: Illuminate\Session\Middleware\StartSession->handle(Object(Illuminate\Http\Request), Object(Closure))
#32 /var/www/polr/vendor/illuminate/pipeline/Pipeline.php(124): call_user_func_array(Array, Array)
#33 /var/www/polr/vendor/illuminate/cookie/Middleware/EncryptCookies.php(59): Illuminate\Pipeline\Pipeline->Illuminate\Pipeline\{closure}(Object(Illuminate\Http\Request))
#34 [internal function]: Illuminate\Cookie\Middleware\EncryptCookies->handle(Object(Illuminate\Http\Request), Object(Closure))
#35 /var/www/polr/vendor/illuminate/pipeline/Pipeline.php(124): call_user_func_array(Array, Array)
#36 [internal function]: Illuminate\Pipeline\Pipeline->Illuminate\Pipeline\{closure}(Object(Illuminate\Http\Request))
#37 /var/www/polr/vendor/illuminate/pipeline/Pipeline.php(102): call_user_func(Object(Closure), Object(Illuminate\Http\Request))
#38 /var/www/polr/vendor/laravel/lumen-framework/src/Application.php(1439): Illuminate\Pipeline\Pipeline->then(Object(Closure))
#39 /var/www/polr/vendor/laravel/lumen-framework/src/Application.php(1213): Laravel\Lumen\Application->sendThroughPipeline(Array, Object(Closure))
#40 /var/www/polr/vendor/laravel/lumen-framework/src/Application.php(1153): Laravel\Lumen\Application->dispatch(NULL)
#41 /var/www/polr/public/index.php(28): Laravel\Lumen\Application->run()
#42 {main}  
[2019-09-18 14:52:00] lumen.ERROR: Symfony\Component\Debug\Exception\FatalThrowableError: Parse error: syntax error, unexpected ''custom-ending'' (T_CONSTANT_ENCAPSED_STRING), expecting ']' in /var/www/polr/resources/lang/ptBR/validation.php:107
Stack trace:
#0 /var/www/polr/vendor/illuminate/translation/FileLoader.php(110): Illuminate\Filesystem\Filesystem->getRequire('/var/www/polr/r...')
#1 /var/www/polr/vendor/illuminate/translation/FileLoader.php(54): Illuminate\Translation\FileLoader->loadPath('/var/www/polr/r...', 'ptBR', 'validation')
#2 /var/www/polr/vendor/illuminate/translation/Translator.php(235): Illuminate\Translation\FileLoader->load('ptBR', 'validation', '*')
#3 /var/www/polr/vendor/illuminate/translation/Translator.php(98): Illuminate\Translation\Translator->load('*', 'validation', 'ptBR')
#4 /var/www/polr/vendor/illuminate/translation/Translator.php(200): Illuminate\Translation\Translator->get('validation.cust...', Array, 'ptBR')
#5 /var/www/polr/vendor/illuminate/validation/Validator.php(1576): Illuminate\Translation\Translator->trans('validation.cust...')
#6 /var/www/polr/vendor/illuminate/validation/Validator.php(506): Illuminate\Validation\Validator->getMessage('custom-ending', 'AlphaDash')
#7 /var/www/polr/vendor/illuminate/validation/Validator.php(491): Illuminate\Validation\Validator->addError('custom-ending', 'AlphaDash', Array)
#8 /var/www/polr/vendor/illuminate/validation/Validator.php(363): Illuminate\Validation\Validator->addFailure('custom-ending', 'AlphaDash', Array)
#9 /var/www/polr/vendor/illuminate/validation/Validator.php(314): Illuminate\Validation\Validator->validate('custom-ending', 'AlphaDash')
#10 /var/www/polr/vendor/illuminate/validation/Validator.php(335): Illuminate\Validation\Validator->passes()
#11 /var/www/polr/vendor/laravel/lumen-framework/src/Routing/ValidatesRequests.php(25): Illuminate\Validation\Validator->fails()
#12 /var/www/polr/app/Http/Controllers/LinkController.php(30): Laravel\Lumen\Routing\Controller->validate(Object(Illuminate\Http\Request), Array)
#13 [internal function]: App\Http\Controllers\LinkController->performShorten(Object(Illuminate\Http\Request))
#14 /var/www/polr/vendor/illuminate/container/Container.php(507): call_user_func_array(Array, Array)
#15 /var/www/polr/vendor/laravel/lumen-framework/src/Application.php(1399): Illuminate\Container\Container->call(Array, Array)
#16 /var/www/polr/vendor/laravel/lumen-framework/src/Application.php(1363): Laravel\Lumen\Application->callControllerCallable(Array, Array)
#17 /var/www/polr/vendor/laravel/lumen-framework/src/Application.php(1335): Laravel\Lumen\Application->callLumenController(Object(App\Http\Controllers\LinkController), 'performShorten', Array)
#18 /var/www/polr/vendor/laravel/lumen-framework/src/Application.php(1303): Laravel\Lumen\Application->callControllerAction(Array)
#19 /var/www/polr/vendor/laravel/lumen-framework/src/Application.php(1288): Laravel\Lumen\Application->callActionOnArrayBasedRoute(Array)
#20 /var/www/polr/vendor/laravel/lumen-framework/src/Application.php(1207): Laravel\Lumen\Application->handleFoundRoute(Array)
#21 [internal function]: Laravel\Lumen\Application->Laravel\Lumen\{closure}(Object(Illuminate\Http\Request))
#22 /var/www/polr/vendor/illuminate/pipeline/Pipeline.php(139): call_user_func(Object(Closure), Object(Illuminate\Http\Request))
#23 /var/www/polr/vendor/laravel/lumen-framework/src/Http/Middleware/VerifyCsrfToken.php(43): Illuminate\Pipeline\Pipeline->Illuminate\Pipeline\{closure}(Object(Illuminate\Http\Request))
#24 /var/www/polr/app/Http/Middleware/VerifyCsrfToken.php(20): Laravel\Lumen\Http\Middleware\VerifyCsrfToken->handle(Object(Illuminate\Http\Request), Object(Closure))
#25 [internal function]: App\Http\Middleware\VerifyCsrfToken->handle(Object(Illuminate\Http\Request), Object(Closure))
#26 /var/www/polr/vendor/illuminate/pipeline/Pipeline.php(124): call_user_func_array(Array, Array)
#27 /var/www/polr/vendor/illuminate/view/Middleware/ShareErrorsFromSession.php(49): Illuminate\Pipeline\Pipeline->Illuminate\Pipeline\{closure}(Object(Illuminate\Http\Request))
#28 [internal function]: Illuminate\View\Middleware\ShareErrorsFromSession->handle(Object(Illuminate\Http\Request), Object(Closure))
#29 /var/www/polr/vendor/illuminate/pipeline/Pipeline.php(124): call_user_func_array(Array, Array)
#30 /var/www/polr/vendor/illuminate/session/Middleware/StartSession.php(62): Illuminate\Pipeline\Pipeline->Illuminate\Pipeline\{closure}(Object(Illuminate\Http\Request))
#31 [internal function]: Illuminate\Session\Middleware\StartSession->handle(Object(Illuminate\Http\Request), Object(Closure))
#32 /var/www/polr/vendor/illuminate/pipeline/Pipeline.php(124): call_user_func_array(Array, Array)
#33 /var/www/polr/vendor/illuminate/cookie/Middleware/EncryptCookies.php(59): Illuminate\Pipeline\Pipeline->Illuminate\Pipeline\{closure}(Object(Illuminate\Http\Request))
#34 [internal function]: Illuminate\Cookie\Middleware\EncryptCookies->handle(Object(Illuminate\Http\Request), Object(Closure))
#35 /var/www/polr/vendor/illuminate/pipeline/Pipeline.php(124): call_user_func_array(Array, Array)
#36 [internal function]: Illuminate\Pipeline\Pipeline->Illuminate\Pipeline\{closure}(Object(Illuminate\Http\Request))
#37 /var/www/polr/vendor/illuminate/pipeline/Pipeline.php(102): call_user_func(Object(Closure), Object(Illuminate\Http\Request))
#38 /var/www/polr/vendor/laravel/lumen-framework/src/Application.php(1439): Illuminate\Pipeline\Pipeline->then(Object(Closure))
#39 /var/www/polr/vendor/laravel/lumen-framework/src/Application.php(1213): Laravel\Lumen\Application->sendThroughPipeline(Array, Object(Closure))
#40 /var/www/polr/vendor/laravel/lumen-framework/src/Application.php(1153): Laravel\Lumen\Application->dispatch(NULL)
#41 /var/www/polr/public/index.php(28): Laravel\Lumen\Application->run()
#42 {main}  
[2019-09-19 14:38:34] lumen.ERROR: PDOException: SQLSTATE[23000]: Integrity constraint violation: 1048 Column 'email' cannot be null in /var/www/polr/vendor/illuminate/database/Connection.php:390
Stack trace:
#0 /var/www/polr/vendor/illuminate/database/Connection.php(390): PDOStatement->execute(Array)
#1 /var/www/polr/vendor/illuminate/database/Connection.php(644): Illuminate\Database\Connection->Illuminate\Database\{closure}(Object(Illuminate\Database\MySqlConnection), 'insert into `us...', Array)
#2 /var/www/polr/vendor/illuminate/database/Connection.php(611): Illuminate\Database\Connection->runQueryCallback('insert into `us...', Array, Object(Closure))
#3 /var/www/polr/vendor/illuminate/database/Connection.php(391): Illuminate\Database\Connection->run('insert into `us...', Array, Object(Closure))
#4 /var/www/polr/vendor/illuminate/database/Connection.php(347): Illuminate\Database\Connection->statement('insert into `us...', Array)
#5 /var/www/polr/vendor/illuminate/database/Query/Processors/Processor.php(32): Illuminate\Database\Connection->insert('insert into `us...', Array)
#6 /var/www/polr/vendor/illuminate/database/Query/Builder.php(1827): Illuminate\Database\Query\Processors\Processor->processInsertGetId(Object(Illuminate\Database\Query\Builder), 'insert into `us...', Array, 'id')
#7 [internal function]: Illuminate\Database\Query\Builder->insertGetId(Array, 'id')
#8 /var/www/polr/vendor/illuminate/database/Eloquent/Builder.php(949): call_user_func_array(Array, Array)
#9 /var/www/polr/vendor/illuminate/database/Eloquent/Model.php(1654): Illuminate\Database\Eloquent\Builder->__call('insertGetId', Array)
#10 /var/www/polr/vendor/illuminate/database/Eloquent/Model.php(1623): Illuminate\Database\Eloquent\Model->insertAndSetId(Object(Illuminate\Database\Eloquent\Builder), Array)
#11 /var/www/polr/vendor/illuminate/database/Eloquent/Model.php(1514): Illuminate\Database\Eloquent\Model->performInsert(Object(Illuminate\Database\Eloquent\Builder), Array)
#12 /var/www/polr/app/Factories/UserFactory.php(29): Illuminate\Database\Eloquent\Model->save()
#13 /var/www/polr/app/Http/Controllers/AjaxController.php(170): App\Factories\UserFactory::createUser('teste', NULL, 'teste', 1, '10.34.1.1', false, 0, '')
#14 [internal function]: App\Http\Controllers\AjaxController->addNewUser(Object(Illuminate\Http\Request))
#15 /var/www/polr/vendor/illuminate/container/Container.php(507): call_user_func_array(Array, Array)
#16 /var/www/polr/vendor/laravel/lumen-framework/src/Application.php(1399): Illuminate\Container\Container->call(Array, Array)
#17 /var/www/polr/vendor/laravel/lumen-framework/src/Application.php(1363): Laravel\Lumen\Application->callControllerCallable(Array, Array)
#18 /var/www/polr/vendor/laravel/lumen-framework/src/Application.php(1335): Laravel\Lumen\Application->callLumenController(Object(App\Http\Controllers\AjaxController), 'addNewUser', Array)
#19 /var/www/polr/vendor/laravel/lumen-framework/src/Application.php(1303): Laravel\Lumen\Application->callControllerAction(Array)
#20 /var/www/polr/vendor/laravel/lumen-framework/src/Application.php(1288): Laravel\Lumen\Application->callActionOnArrayBasedRoute(Array)
#21 /var/www/polr/vendor/laravel/lumen-framework/src/Application.php(1207): Laravel\Lumen\Application->handleFoundRoute(Array)
#22 [internal function]: Laravel\Lumen\Application->Laravel\Lumen\{closure}(Object(Illuminate\Http\Request))
#23 /var/www/polr/vendor/illuminate/pipeline/Pipeline.php(139): call_user_func(Object(Closure), Object(Illuminate\Http\Request))
#24 /var/www/polr/vendor/laravel/lumen-framework/src/Http/Middleware/VerifyCsrfToken.php(43): Illuminate\Pipeline\Pipeline->Illuminate\Pipeline\{closure}(Object(Illuminate\Http\Request))
#25 /var/www/polr/app/Http/Middleware/VerifyCsrfToken.php(20): Laravel\Lumen\Http\Middleware\VerifyCsrfToken->handle(Object(Illuminate\Http\Request), Object(Closure))
#26 [internal function]: App\Http\Middleware\VerifyCsrfToken->handle(Object(Illuminate\Http\Request), Object(Closure))
#27 /var/www/polr/vendor/illuminate/pipeline/Pipeline.php(124): call_user_func_array(Array, Array)
#28 /var/www/polr/vendor/illuminate/view/Middleware/ShareErrorsFromSession.php(49): Illuminate\Pipeline\Pipeline->Illuminate\Pipeline\{closure}(Object(Illuminate\Http\Request))
#29 [internal function]: Illuminate\View\Middleware\ShareErrorsFromSession->handle(Object(Illuminate\Http\Request), Object(Closure))
#30 /var/www/polr/vendor/illuminate/pipeline/Pipeline.php(124): call_user_func_array(Array, Array)
#31 /var/www/polr/vendor/illuminate/session/Middleware/StartSession.php(62): Illuminate\Pipeline\Pipeline->Illuminate\Pipeline\{closure}(Object(Illuminate\Http\Request))
#32 [internal function]: Illuminate\Session\Middleware\StartSession->handle(Object(Illuminate\Http\Request), Object(Closure))
#33 /var/www/polr/vendor/illuminate/pipeline/Pipeline.php(124): call_user_func_array(Array, Array)
#34 /var/www/polr/vendor/illuminate/cookie/Middleware/EncryptCookies.php(59): Illuminate\Pipeline\Pipeline->Illuminate\Pipeline\{closure}(Object(Illuminate\Http\Request))
#35 [internal function]: Illuminate\Cookie\Middleware\EncryptCookies->handle(Object(Illuminate\Http\Request), Object(Closure))
#36 /var/www/polr/vendor/illuminate/pipeline/Pipeline.php(124): call_user_func_array(Array, Array)
#37 [internal function]: Illuminate\Pipeline\Pipeline->Illuminate\Pipeline\{closure}(Object(Illuminate\Http\Request))
#38 /var/www/polr/vendor/illuminate/pipeline/Pipeline.php(102): call_user_func(Object(Closure), Object(Illuminate\Http\Request))
#39 /var/www/polr/vendor/laravel/lumen-framework/src/Application.php(1439): Illuminate\Pipeline\Pipeline->then(Object(Closure))
#40 /var/www/polr/vendor/laravel/lumen-framework/src/Application.php(1213): Laravel\Lumen\Application->sendThroughPipeline(Array, Object(Closure))
#41 /var/www/polr/vendor/laravel/lumen-framework/src/Application.php(1153): Laravel\Lumen\Application->dispatch(NULL)
#42 /var/www/polr/public/index.php(28): Laravel\Lumen\Application->run()
#43 {main}

Next Illuminate\Database\QueryException: SQLSTATE[23000]: Integrity constraint violation: 1048 Column 'email' cannot be null (SQL: insert into `users` (`username`, `password`, `email`, `recovery_key`, `active`, `ip`, `role`, `api_key`, `api_active`, `updated_at`, `created_at`) values (teste, y$pxn1HAvIbu/X9jsLyyiomOuoo3JWpYM3WTRzzJcbDZulU90k16lce, , e3162663eb3e5dfaddaba1d392348209993ba3140ebeb840d6c2541b00cab70cf0e0074d7c1f208fb0925ba466d5d22157fc, 1, 10.34.1.1, , 0, 0, 2019-09-19 14:38:34, 2019-09-19 14:38:34)) in /var/www/polr/vendor/illuminate/database/Connection.php:651
Stack trace:
#0 /var/www/polr/vendor/illuminate/database/Connection.php(611): Illuminate\Database\Connection->runQueryCallback('insert into `us...', Array, Object(Closure))
#1 /var/www/polr/vendor/illuminate/database/Connection.php(391): Illuminate\Database\Connection->run('insert into `us...', Array, Object(Closure))
#2 /var/www/polr/vendor/illuminate/database/Connection.php(347): Illuminate\Database\Connection->statement('insert into `us...', Array)
#3 /var/www/polr/vendor/illuminate/database/Query/Processors/Processor.php(32): Illuminate\Database\Connection->insert('insert into `us...', Array)
#4 /var/www/polr/vendor/illuminate/database/Query/Builder.php(1827): Illuminate\Database\Query\Processors\Processor->processInsertGetId(Object(Illuminate\Database\Query\Builder), 'insert into `us...', Array, 'id')
#5 [internal function]: Illuminate\Database\Query\Builder->insertGetId(Array, 'id')
#6 /var/www/polr/vendor/illuminate/database/Eloquent/Builder.php(949): call_user_func_array(Array, Array)
#7 /var/www/polr/vendor/illuminate/database/Eloquent/Model.php(1654): Illuminate\Database\Eloquent\Builder->__call('insertGetId', Array)
#8 /var/www/polr/vendor/illuminate/database/Eloquent/Model.php(1623): Illuminate\Database\Eloquent\Model->insertAndSetId(Object(Illuminate\Database\Eloquent\Builder), Array)
#9 /var/www/polr/vendor/illuminate/database/Eloquent/Model.php(1514): Illuminate\Database\Eloquent\Model->performInsert(Object(Illuminate\Database\Eloquent\Builder), Array)
#10 /var/www/polr/app/Factories/UserFactory.php(29): Illuminate\Database\Eloquent\Model->save()
#11 /var/www/polr/app/Http/Controllers/AjaxController.php(170): App\Factories\UserFactory::createUser('teste', NULL, 'teste', 1, '10.34.1.1', false, 0, '')
#12 [internal function]: App\Http\Controllers\AjaxController->addNewUser(Object(Illuminate\Http\Request))
#13 /var/www/polr/vendor/illuminate/container/Container.php(507): call_user_func_array(Array, Array)
#14 /var/www/polr/vendor/laravel/lumen-framework/src/Application.php(1399): Illuminate\Container\Container->call(Array, Array)
#15 /var/www/polr/vendor/laravel/lumen-framework/src/Application.php(1363): Laravel\Lumen\Application->callControllerCallable(Array, Array)
#16 /var/www/polr/vendor/laravel/lumen-framework/src/Application.php(1335): Laravel\Lumen\Application->callLumenController(Object(App\Http\Controllers\AjaxController), 'addNewUser', Array)
#17 /var/www/polr/vendor/laravel/lumen-framework/src/Application.php(1303): Laravel\Lumen\Application->callControllerAction(Array)
#18 /var/www/polr/vendor/laravel/lumen-framework/src/Application.php(1288): Laravel\Lumen\Application->callActionOnArrayBasedRoute(Array)
#19 /var/www/polr/vendor/laravel/lumen-framework/src/Application.php(1207): Laravel\Lumen\Application->handleFoundRoute(Array)
#20 [internal function]: Laravel\Lumen\Application->Laravel\Lumen\{closure}(Object(Illuminate\Http\Request))
#21 /var/www/polr/vendor/illuminate/pipeline/Pipeline.php(139): call_user_func(Object(Closure), Object(Illuminate\Http\Request))
#22 /var/www/polr/vendor/laravel/lumen-framework/src/Http/Middleware/VerifyCsrfToken.php(43): Illuminate\Pipeline\Pipeline->Illuminate\Pipeline\{closure}(Object(Illuminate\Http\Request))
#23 /var/www/polr/app/Http/Middleware/VerifyCsrfToken.php(20): Laravel\Lumen\Http\Middleware\VerifyCsrfToken->handle(Object(Illuminate\Http\Request), Object(Closure))
#24 [internal function]: App\Http\Middleware\VerifyCsrfToken->handle(Object(Illuminate\Http\Request), Object(Closure))
#25 /var/www/polr/vendor/illuminate/pipeline/Pipeline.php(124): call_user_func_array(Array, Array)
#26 /var/www/polr/vendor/illuminate/view/Middleware/ShareErrorsFromSession.php(49): Illuminate\Pipeline\Pipeline->Illuminate\Pipeline\{closure}(Object(Illuminate\Http\Request))
#27 [internal function]: Illuminate\View\Middleware\ShareErrorsFromSession->handle(Object(Illuminate\Http\Request), Object(Closure))
#28 /var/www/polr/vendor/illuminate/pipeline/Pipeline.php(124): call_user_func_array(Array, Array)
#29 /var/www/polr/vendor/illuminate/session/Middleware/StartSession.php(62): Illuminate\Pipeline\Pipeline->Illuminate\Pipeline\{closure}(Object(Illuminate\Http\Request))
#30 [internal function]: Illuminate\Session\Middleware\StartSession->handle(Object(Illuminate\Http\Request), Object(Closure))
#31 /var/www/polr/vendor/illuminate/pipeline/Pipeline.php(124): call_user_func_array(Array, Array)
#32 /var/www/polr/vendor/illuminate/cookie/Middleware/EncryptCookies.php(59): Illuminate\Pipeline\Pipeline->Illuminate\Pipeline\{closure}(Object(Illuminate\Http\Request))
#33 [internal function]: Illuminate\Cookie\Middleware\EncryptCookies->handle(Object(Illuminate\Http\Request), Object(Closure))
#34 /var/www/polr/vendor/illuminate/pipeline/Pipeline.php(124): call_user_func_array(Array, Array)
#35 [internal function]: Illuminate\Pipeline\Pipeline->Illuminate\Pipeline\{closure}(Object(Illuminate\Http\Request))
#36 /var/www/polr/vendor/illuminate/pipeline/Pipeline.php(102): call_user_func(Object(Closure), Object(Illuminate\Http\Request))
#37 /var/www/polr/vendor/laravel/lumen-framework/src/Application.php(1439): Illuminate\Pipeline\Pipeline->then(Object(Closure))
#38 /var/www/polr/vendor/laravel/lumen-framework/src/Application.php(1213): Laravel\Lumen\Application->sendThroughPipeline(Array, Object(Closure))
#39 /var/www/polr/vendor/laravel/lumen-framework/src/Application.php(1153): Laravel\Lumen\Application->dispatch(NULL)
#40 /var/www/polr/public/index.php(28): Laravel\Lumen\Application->run()
#41 {main}  
